<?xml version="1.0" encoding="UTF-8"?>
<!-- Generated by org.testng.reporters.JUnitReportReporter -->
<testsuite hostname="SwatiLaptop" failures="0" tests="1" name="com.bankingproject.testclass.Login_Pagetest" time="15.671" errors="0" timestamp="2022-10-06T12:45:33 IST" skipped="0">
  <testcase classname="com.bankingproject.testclass.Login_Pagetest" name="LoginTest" time="15.671"/>
  <system-out/>
</testsuite> <!-- com.bankingproject.testclass.Login_Pagetest -->
